[ 2017-07-19T13:02:08+08:00 ] 127.0.0.1 /
INFO: [ app_init ] --START--
INFO: Run Behavior\BuildLiteBehavior [ RunTime:0.000009s ]
INFO: [ app_init ] --END-- [ RunTime:0.000422s ]
INFO: [ app_begin ] --START--
INFO: Run Behavior\ReadHtmlCacheBehavior [ RunTime:0.000556s ]
INFO: [ app_begin ] --END-- [ RunTime:0.000593s ]
NOTIC: [8] Undefined index: code E:\xampp\htdocs\blog\blog_senior\Application\Home\Controller\BaseController.class.php 第 24 行.
NOTIC: [2] preg_match(): Delimiter must not be alphanumeric or backslash E:\xampp\htdocs\blog\blog_senior\Application\Common\Common\function.php 第 63 行.
NOTIC: [2] preg_match(): Delimiter must not be alphanumeric or backslash E:\xampp\htdocs\blog\blog_senior\Application\Common\Common\function.php 第 65 行.
NOTIC: [2] preg_match(): Delimiter must not be alphanumeric or backslash E:\xampp\htdocs\blog\blog_senior\Application\Common\Common\function.php 第 67 行.
NOTIC: [2] preg_match(): Delimiter must not be alphanumeric or backslash E:\xampp\htdocs\blog\blog_senior\Application\Common\Common\function.php 第 69 行.
NOTIC: [2] preg_match(): Delimiter must not be alphanumeric or backslash E:\xampp\htdocs\blog\blog_senior\Application\Common\Common\function.php 第 71 行.
NOTIC: [2] preg_match(): Delimiter must not be alphanumeric or backslash E:\xampp\htdocs\blog\blog_senior\Application\Common\Common\function.php 第 73 行.
NOTIC: [2] preg_match(): Delimiter must not be alphanumeric or backslash E:\xampp\htdocs\blog\blog_senior\Application\Common\Common\function.php 第 75 行.
NOTIC: [2] preg_match(): Delimiter must not be alphanumeric or backslash E:\xampp\htdocs\blog\blog_senior\Application\Common\Common\function.php 第 77 行.
NOTIC: [2] preg_match(): Delimiter must not be alphanumeric or backslash E:\xampp\htdocs\blog\blog_senior\Application\Common\Common\function.php 第 79 行.
NOTIC: [2] preg_match(): Delimiter must not be alphanumeric or backslash E:\xampp\htdocs\blog\blog_senior\Application\Common\Common\function.php 第 81 行.
NOTIC: [2] preg_match(): Delimiter must not be alphanumeric or backslash E:\xampp\htdocs\blog\blog_senior\Application\Common\Common\function.php 第 83 行.
NOTIC: [2] preg_match(): Delimiter must not be alphanumeric or backslash E:\xampp\htdocs\blog\blog_senior\Application\Common\Common\function.php 第 85 行.
NOTIC: [2] preg_match(): Delimiter must not be alphanumeric or backslash E:\xampp\htdocs\blog\blog_senior\Application\Common\Common\function.php 第 87 行.
NOTIC: [2] preg_match(): Delimiter must not be alphanumeric or backslash E:\xampp\htdocs\blog\blog_senior\Application\Common\Common\function.php 第 89 行.
NOTIC: [2] preg_match(): Delimiter must not be alphanumeric or backslash E:\xampp\htdocs\blog\blog_senior\Application\Common\Common\function.php 第 91 行.
NOTIC: [2] preg_match(): Delimiter must not be alphanumeric or backslash E:\xampp\htdocs\blog\blog_senior\Application\Common\Common\function.php 第 93 行.
NOTIC: [2] preg_match(): Delimiter must not be alphanumeric or backslash E:\xampp\htdocs\blog\blog_senior\Application\Common\Common\function.php 第 95 行.
NOTIC: [2] preg_match(): Delimiter must not be alphanumeric or backslash E:\xampp\htdocs\blog\blog_senior\Application\Common\Common\function.php 第 97 行.
NOTIC: [2] preg_match(): Delimiter must not be alphanumeric or backslash E:\xampp\htdocs\blog\blog_senior\Application\Common\Common\function.php 第 99 行.
NOTIC: [2] preg_match(): Delimiter must not be alphanumeric or backslash E:\xampp\htdocs\blog\blog_senior\Application\Common\Common\function.php 第 101 行.
NOTIC: [2] preg_match(): Delimiter must not be alphanumeric or backslash E:\xampp\htdocs\blog\blog_senior\Application\Common\Common\function.php 第 103 行.
NOTIC: [2] preg_match(): Delimiter must not be alphanumeric or backslash E:\xampp\htdocs\blog\blog_senior\Application\Common\Common\function.php 第 105 行.
NOTIC: [2] preg_match(): Delimiter must not be alphanumeric or backslash E:\xampp\htdocs\blog\blog_senior\Application\Common\Common\function.php 第 107 行.
NOTIC: [2] preg_match(): Delimiter must not be alphanumeric or backslash E:\xampp\htdocs\blog\blog_senior\Application\Common\Common\function.php 第 109 行.
NOTIC: [2] preg_match(): Delimiter must not be alphanumeric or backslash E:\xampp\htdocs\blog\blog_senior\Application\Common\Common\function.php 第 111 行.
NOTIC: [2] preg_match(): Delimiter must not be alphanumeric or backslash E:\xampp\htdocs\blog\blog_senior\Application\Common\Common\function.php 第 113 行.
NOTIC: [2] preg_match(): Delimiter must not be alphanumeric or backslash E:\xampp\htdocs\blog\blog_senior\Application\Common\Common\function.php 第 115 行.
NOTIC: [2] preg_match(): Delimiter must not be alphanumeric or backslash E:\xampp\htdocs\blog\blog_senior\Application\Common\Common\function.php 第 117 行.
NOTIC: [2] preg_match(): Delimiter must not be alphanumeric or backslash E:\xampp\htdocs\blog\blog_senior\Application\Common\Common\function.php 第 119 行.
NOTIC: [2] preg_match(): Delimiter must not be alphanumeric or backslash E:\xampp\htdocs\blog\blog_senior\Application\Common\Common\function.php 第 121 行.
NOTIC: [2] preg_match(): Delimiter must not be alphanumeric or backslash E:\xampp\htdocs\blog\blog_senior\Application\Common\Common\function.php 第 123 行.
NOTIC: [2] preg_match(): Delimiter must not be alphanumeric or backslash E:\xampp\htdocs\blog\blog_senior\Application\Common\Common\function.php 第 125 行.
NOTIC: [2] preg_match(): Delimiter must not be alphanumeric or backslash E:\xampp\htdocs\blog\blog_senior\Application\Common\Common\function.php 第 127 行.
NOTIC: [2] preg_match(): Delimiter must not be alphanumeric or backslash E:\xampp\htdocs\blog\blog_senior\Application\Common\Common\function.php 第 129 行.
NOTIC: [2] preg_match(): Delimiter must not be alphanumeric or backslash E:\xampp\htdocs\blog\blog_senior\Application\Common\Common\function.php 第 131 行.
NOTIC: [2] preg_match(): Delimiter must not be alphanumeric or backslash E:\xampp\htdocs\blog\blog_senior\Application\Common\Common\function.php 第 133 行.
NOTIC: [2] preg_match(): Delimiter must not be alphanumeric or backslash E:\xampp\htdocs\blog\blog_senior\Application\Common\Common\function.php 第 135 行.
NOTIC: [2] preg_match(): Delimiter must not be alphanumeric or backslash E:\xampp\htdocs\blog\blog_senior\Application\Common\Common\function.php 第 137 行.
SQL: SHOW COLUMNS FROM `lxb_article` [ RunTime:0.0343s ]
SQL: SELECT `a_keyword`,`a_id`,`create_time` FROM `lxb_article` WHERE ( a_keyword != '' and a_views > 0 ) ORDER BY create_time desc LIMIT 50   [ RunTime:0.0005s ]
SQL: SHOW COLUMNS FROM `lxb_carousel_list` [ RunTime:0.0445s ]
SQL: SELECT * FROM `lxb_carousel_list` WHERE ( img != '' and state > 0 ) ORDER BY orderby  [ RunTime:0.0004s ]
SQL: SHOW COLUMNS FROM `lxb_article_cate` [ RunTime:0.0422s ]
SQL: SELECT * FROM `lxb_article_cate`  [ RunTime:0.0004s ]
SQL: SHOW COLUMNS FROM `lxb_link` [ RunTime:0.0092s ]
SQL: SELECT * FROM `lxb_link` WHERE ( state = 1 ) ORDER BY orderby  [ RunTime:0.0002s ]
SQL: SHOW COLUMNS FROM `lxb_liuyan` [ RunTime:0.0227s ]
SQL: SELECT * FROM `lxb_liuyan` ORDER BY add_time desc LIMIT 4   [ RunTime:0.0003s ]
SQL: SELECT `a_id` FROM `lxb_article` WHERE ( a_views > 0 )  [ RunTime:0.0002s ]
NOTIC: [2] array_rand() expects parameter 1 to be array, null given E:\xampp\htdocs\blog\blog_senior\Application\Home\Controller\BaseController.class.php 第 84 行.
SQL: SELECT * FROM `lxb_article` WHERE `a_id` = null LIMIT 1   [ RunTime:0.0002s ]
SQL: SELECT * FROM `lxb_article` WHERE `a_id` = null LIMIT 1   [ RunTime:0.0002s ]
SQL: SELECT * FROM `lxb_article` WHERE `a_id` = null LIMIT 1   [ RunTime:0.0002s ]
SQL: SELECT `a_id`,`photo`,`a_title`,`a_remark`,`a_keyword`,`cate_id`,`create_time`,`last_time`,`a_content`,`a_views`,`a_type`,`a_red`,`a_from`,`a_writer`,`create_ip` FROM `lxb_article` WHERE ( a_views > 0 ) ORDER BY a_views desc LIMIT 12   [ RunTime:0.0002s ]
SQL: SHOW COLUMNS FROM `lxb_article` [ RunTime:0.0076s ]
SQL: SHOW COLUMNS FROM `lxb_article_cate` [ RunTime:0.0072s ]
SQL: SELECT * FROM `lxb_article_cate`  [ RunTime:0.0003s ]
SQL: SELECT COUNT(*) AS tp_count FROM `lxb_article` LIMIT 1   [ RunTime:0.0001s ]
SQL: SELECT * FROM `lxb_article` INNER JOIN lxb_article_cate ON lxb_article_cate.cate_id = lxb_article.cate_id  ORDER BY a_id desc LIMIT 0,6   [ RunTime:0.0002s ]
INFO: [ view_parse ] --START--
INFO: [ template_filter ] --START--
INFO: Run Behavior\ContentReplaceBehavior [ RunTime:0.000102s ]
INFO: [ template_filter ] --END-- [ RunTime:0.000142s ]
INFO: Run Behavior\ParseTemplateBehavior [ RunTime:0.018862s ]
INFO: [ view_parse ] --END-- [ RunTime:0.018911s ]
INFO: [ view_filter ] --START--
INFO: Run Behavior\WriteHtmlCacheBehavior [ RunTime:0.000470s ]
INFO: [ view_filter ] --END-- [ RunTime:0.000499s ]
INFO: [ app_end ] --START--
INFO: Run Behavior\ShowPageTraceBehavior [ RunTime:0.000611s ]
INFO: [ app_end ] --END-- [ RunTime:0.000649s ]

[ 2017-07-19T13:02:36+08:00 ] 127.0.0.1 /Said.html
INFO: [ app_init ] --START--
INFO: Run Behavior\BuildLiteBehavior [ RunTime:0.000010s ]
INFO: [ app_init ] --END-- [ RunTime:0.000380s ]
INFO: [ app_begin ] --START--
INFO: Run Behavior\ReadHtmlCacheBehavior [ RunTime:0.000666s ]
INFO: [ app_begin ] --END-- [ RunTime:0.000717s ]
NOTIC: [8] Undefined index: code E:\xampp\htdocs\blog\blog_senior\Application\Home\Controller\BaseController.class.php 第 24 行.
NOTIC: [2] preg_match(): Delimiter must not be alphanumeric or backslash E:\xampp\htdocs\blog\blog_senior\Application\Common\Common\function.php 第 63 行.
NOTIC: [2] preg_match(): Delimiter must not be alphanumeric or backslash E:\xampp\htdocs\blog\blog_senior\Application\Common\Common\function.php 第 65 行.
NOTIC: [2] preg_match(): Delimiter must not be alphanumeric or backslash E:\xampp\htdocs\blog\blog_senior\Application\Common\Common\function.php 第 67 行.
NOTIC: [2] preg_match(): Delimiter must not be alphanumeric or backslash E:\xampp\htdocs\blog\blog_senior\Application\Common\Common\function.php 第 69 行.
NOTIC: [2] preg_match(): Delimiter must not be alphanumeric or backslash E:\xampp\htdocs\blog\blog_senior\Application\Common\Common\function.php 第 71 行.
NOTIC: [2] preg_match(): Delimiter must not be alphanumeric or backslash E:\xampp\htdocs\blog\blog_senior\Application\Common\Common\function.php 第 73 行.
NOTIC: [2] preg_match(): Delimiter must not be alphanumeric or backslash E:\xampp\htdocs\blog\blog_senior\Application\Common\Common\function.php 第 75 行.
NOTIC: [2] preg_match(): Delimiter must not be alphanumeric or backslash E:\xampp\htdocs\blog\blog_senior\Application\Common\Common\function.php 第 77 行.
NOTIC: [2] preg_match(): Delimiter must not be alphanumeric or backslash E:\xampp\htdocs\blog\blog_senior\Application\Common\Common\function.php 第 79 行.
NOTIC: [2] preg_match(): Delimiter must not be alphanumeric or backslash E:\xampp\htdocs\blog\blog_senior\Application\Common\Common\function.php 第 81 行.
NOTIC: [2] preg_match(): Delimiter must not be alphanumeric or backslash E:\xampp\htdocs\blog\blog_senior\Application\Common\Common\function.php 第 83 行.
NOTIC: [2] preg_match(): Delimiter must not be alphanumeric or backslash E:\xampp\htdocs\blog\blog_senior\Application\Common\Common\function.php 第 85 行.
NOTIC: [2] preg_match(): Delimiter must not be alphanumeric or backslash E:\xampp\htdocs\blog\blog_senior\Application\Common\Common\function.php 第 87 行.
NOTIC: [2] preg_match(): Delimiter must not be alphanumeric or backslash E:\xampp\htdocs\blog\blog_senior\Application\Common\Common\function.php 第 89 行.
NOTIC: [2] preg_match(): Delimiter must not be alphanumeric or backslash E:\xampp\htdocs\blog\blog_senior\Application\Common\Common\function.php 第 91 行.
NOTIC: [2] preg_match(): Delimiter must not be alphanumeric or backslash E:\xampp\htdocs\blog\blog_senior\Application\Common\Common\function.php 第 93 行.
NOTIC: [2] preg_match(): Delimiter must not be alphanumeric or backslash E:\xampp\htdocs\blog\blog_senior\Application\Common\Common\function.php 第 95 行.
NOTIC: [2] preg_match(): Delimiter must not be alphanumeric or backslash E:\xampp\htdocs\blog\blog_senior\Application\Common\Common\function.php 第 97 行.
NOTIC: [2] preg_match(): Delimiter must not be alphanumeric or backslash E:\xampp\htdocs\blog\blog_senior\Application\Common\Common\function.php 第 99 行.
NOTIC: [2] preg_match(): Delimiter must not be alphanumeric or backslash E:\xampp\htdocs\blog\blog_senior\Application\Common\Common\function.php 第 101 行.
NOTIC: [2] preg_match(): Delimiter must not be alphanumeric or backslash E:\xampp\htdocs\blog\blog_senior\Application\Common\Common\function.php 第 103 行.
NOTIC: [2] preg_match(): Delimiter must not be alphanumeric or backslash E:\xampp\htdocs\blog\blog_senior\Application\Common\Common\function.php 第 105 行.
NOTIC: [2] preg_match(): Delimiter must not be alphanumeric or backslash E:\xampp\htdocs\blog\blog_senior\Application\Common\Common\function.php 第 107 行.
NOTIC: [2] preg_match(): Delimiter must not be alphanumeric or backslash E:\xampp\htdocs\blog\blog_senior\Application\Common\Common\function.php 第 109 行.
NOTIC: [2] preg_match(): Delimiter must not be alphanumeric or backslash E:\xampp\htdocs\blog\blog_senior\Application\Common\Common\function.php 第 111 行.
NOTIC: [2] preg_match(): Delimiter must not be alphanumeric or backslash E:\xampp\htdocs\blog\blog_senior\Application\Common\Common\function.php 第 113 行.
NOTIC: [2] preg_match(): Delimiter must not be alphanumeric or backslash E:\xampp\htdocs\blog\blog_senior\Application\Common\Common\function.php 第 115 行.
NOTIC: [2] preg_match(): Delimiter must not be alphanumeric or backslash E:\xampp\htdocs\blog\blog_senior\Application\Common\Common\function.php 第 117 行.
NOTIC: [2] preg_match(): Delimiter must not be alphanumeric or backslash E:\xampp\htdocs\blog\blog_senior\Application\Common\Common\function.php 第 119 行.
NOTIC: [2] preg_match(): Delimiter must not be alphanumeric or backslash E:\xampp\htdocs\blog\blog_senior\Application\Common\Common\function.php 第 121 行.
NOTIC: [2] preg_match(): Delimiter must not be alphanumeric or backslash E:\xampp\htdocs\blog\blog_senior\Application\Common\Common\function.php 第 123 行.
NOTIC: [2] preg_match(): Delimiter must not be alphanumeric or backslash E:\xampp\htdocs\blog\blog_senior\Application\Common\Common\function.php 第 125 行.
NOTIC: [2] preg_match(): Delimiter must not be alphanumeric or backslash E:\xampp\htdocs\blog\blog_senior\Application\Common\Common\function.php 第 127 行.
NOTIC: [2] preg_match(): Delimiter must not be alphanumeric or backslash E:\xampp\htdocs\blog\blog_senior\Application\Common\Common\function.php 第 129 行.
NOTIC: [2] preg_match(): Delimiter must not be alphanumeric or backslash E:\xampp\htdocs\blog\blog_senior\Application\Common\Common\function.php 第 131 行.
NOTIC: [2] preg_match(): Delimiter must not be alphanumeric or backslash E:\xampp\htdocs\blog\blog_senior\Application\Common\Common\function.php 第 133 行.
NOTIC: [2] preg_match(): Delimiter must not be alphanumeric or backslash E:\xampp\htdocs\blog\blog_senior\Application\Common\Common\function.php 第 135 行.
NOTIC: [2] preg_match(): Delimiter must not be alphanumeric or backslash E:\xampp\htdocs\blog\blog_senior\Application\Common\Common\function.php 第 137 行.
SQL: SHOW COLUMNS FROM `lxb_article` [ RunTime:0.0295s ]
SQL: SELECT `a_keyword`,`a_id`,`create_time` FROM `lxb_article` WHERE ( a_keyword != '' and a_views > 0 ) ORDER BY create_time desc LIMIT 50   [ RunTime:0.0002s ]
SQL: SHOW COLUMNS FROM `lxb_carousel_list` [ RunTime:0.0071s ]
SQL: SELECT * FROM `lxb_carousel_list` WHERE ( img != '' and state > 0 ) ORDER BY orderby  [ RunTime:0.0003s ]
SQL: SHOW COLUMNS FROM `lxb_article_cate` [ RunTime:0.0088s ]
SQL: SELECT * FROM `lxb_article_cate`  [ RunTime:0.0003s ]
SQL: SHOW COLUMNS FROM `lxb_link` [ RunTime:0.0073s ]
SQL: SELECT * FROM `lxb_link` WHERE ( state = 1 ) ORDER BY orderby  [ RunTime:0.0002s ]
SQL: SHOW COLUMNS FROM `lxb_liuyan` [ RunTime:0.0084s ]
SQL: SELECT * FROM `lxb_liuyan` ORDER BY add_time desc LIMIT 4   [ RunTime:0.0002s ]
SQL: SELECT `a_id` FROM `lxb_article` WHERE ( a_views > 0 )  [ RunTime:0.0001s ]
NOTIC: [2] array_rand() expects parameter 1 to be array, null given E:\xampp\htdocs\blog\blog_senior\Application\Home\Controller\BaseController.class.php 第 84 行.
SQL: SELECT * FROM `lxb_article` WHERE `a_id` = null LIMIT 1   [ RunTime:0.0002s ]
SQL: SELECT * FROM `lxb_article` WHERE `a_id` = null LIMIT 1   [ RunTime:0.0002s ]
SQL: SELECT * FROM `lxb_article` WHERE `a_id` = null LIMIT 1   [ RunTime:0.0002s ]
SQL: SELECT `a_id`,`photo`,`a_title`,`a_remark`,`a_keyword`,`cate_id`,`create_time`,`last_time`,`a_content`,`a_views`,`a_type`,`a_red`,`a_from`,`a_writer`,`create_ip` FROM `lxb_article` WHERE ( a_views > 0 ) ORDER BY a_views desc LIMIT 12   [ RunTime:0.0002s ]
SQL: SHOW COLUMNS FROM `lxb_said` [ RunTime:0.0288s ]
SQL: SELECT COUNT(*) AS tp_count FROM `lxb_said` LIMIT 1   [ RunTime:0.0002s ]
SQL: SELECT * FROM `lxb_said` WHERE ( s_view !=0 ) ORDER BY create_time desc LIMIT 0,10   [ RunTime:0.0002s ]
INFO: [ view_parse ] --START--
INFO: [ template_filter ] --START--
INFO: Run Behavior\ContentReplaceBehavior [ RunTime:0.000098s ]
INFO: [ template_filter ] --END-- [ RunTime:0.000173s ]
INFO: Run Behavior\ParseTemplateBehavior [ RunTime:0.017730s ]
INFO: [ view_parse ] --END-- [ RunTime:0.017776s ]
INFO: [ view_filter ] --START--
INFO: Run Behavior\WriteHtmlCacheBehavior [ RunTime:0.000427s ]
INFO: [ view_filter ] --END-- [ RunTime:0.000455s ]
INFO: [ app_end ] --START--
INFO: Run Behavior\ShowPageTraceBehavior [ RunTime:0.000554s ]
INFO: [ app_end ] --END-- [ RunTime:0.000589s ]

[ 2017-07-19T13:02:37+08:00 ] 127.0.0.1 /photo.html
INFO: [ app_init ] --START--
INFO: Run Behavior\BuildLiteBehavior [ RunTime:0.000012s ]
INFO: [ app_init ] --END-- [ RunTime:0.000468s ]
INFO: [ app_begin ] --START--
INFO: Run Behavior\ReadHtmlCacheBehavior [ RunTime:0.000696s ]
INFO: [ app_begin ] --END-- [ RunTime:0.000734s ]
NOTIC: [8] Undefined index: code E:\xampp\htdocs\blog\blog_senior\Application\Home\Controller\BaseController.class.php 第 24 行.
NOTIC: [2] preg_match(): Delimiter must not be alphanumeric or backslash E:\xampp\htdocs\blog\blog_senior\Application\Common\Common\function.php 第 63 行.
NOTIC: [2] preg_match(): Delimiter must not be alphanumeric or backslash E:\xampp\htdocs\blog\blog_senior\Application\Common\Common\function.php 第 65 行.
NOTIC: [2] preg_match(): Delimiter must not be alphanumeric or backslash E:\xampp\htdocs\blog\blog_senior\Application\Common\Common\function.php 第 67 行.
NOTIC: [2] preg_match(): Delimiter must not be alphanumeric or backslash E:\xampp\htdocs\blog\blog_senior\Application\Common\Common\function.php 第 69 行.
NOTIC: [2] preg_match(): Delimiter must not be alphanumeric or backslash E:\xampp\htdocs\blog\blog_senior\Application\Common\Common\function.php 第 71 行.
NOTIC: [2] preg_match(): Delimiter must not be alphanumeric or backslash E:\xampp\htdocs\blog\blog_senior\Application\Common\Common\function.php 第 73 行.
NOTIC: [2] preg_match(): Delimiter must not be alphanumeric or backslash E:\xampp\htdocs\blog\blog_senior\Application\Common\Common\function.php 第 75 行.
NOTIC: [2] preg_match(): Delimiter must not be alphanumeric or backslash E:\xampp\htdocs\blog\blog_senior\Application\Common\Common\function.php 第 77 行.
NOTIC: [2] preg_match(): Delimiter must not be alphanumeric or backslash E:\xampp\htdocs\blog\blog_senior\Application\Common\Common\function.php 第 79 行.
NOTIC: [2] preg_match(): Delimiter must not be alphanumeric or backslash E:\xampp\htdocs\blog\blog_senior\Application\Common\Common\function.php 第 81 行.
NOTIC: [2] preg_match(): Delimiter must not be alphanumeric or backslash E:\xampp\htdocs\blog\blog_senior\Application\Common\Common\function.php 第 83 行.
NOTIC: [2] preg_match(): Delimiter must not be alphanumeric or backslash E:\xampp\htdocs\blog\blog_senior\Application\Common\Common\function.php 第 85 行.
NOTIC: [2] preg_match(): Delimiter must not be alphanumeric or backslash E:\xampp\htdocs\blog\blog_senior\Application\Common\Common\function.php 第 87 行.
NOTIC: [2] preg_match(): Delimiter must not be alphanumeric or backslash E:\xampp\htdocs\blog\blog_senior\Application\Common\Common\function.php 第 89 行.
NOTIC: [2] preg_match(): Delimiter must not be alphanumeric or backslash E:\xampp\htdocs\blog\blog_senior\Application\Common\Common\function.php 第 91 行.
NOTIC: [2] preg_match(): Delimiter must not be alphanumeric or backslash E:\xampp\htdocs\blog\blog_senior\Application\Common\Common\function.php 第 93 行.
NOTIC: [2] preg_match(): Delimiter must not be alphanumeric or backslash E:\xampp\htdocs\blog\blog_senior\Application\Common\Common\function.php 第 95 行.
NOTIC: [2] preg_match(): Delimiter must not be alphanumeric or backslash E:\xampp\htdocs\blog\blog_senior\Application\Common\Common\function.php 第 97 行.
NOTIC: [2] preg_match(): Delimiter must not be alphanumeric or backslash E:\xampp\htdocs\blog\blog_senior\Application\Common\Common\function.php 第 99 行.
NOTIC: [2] preg_match(): Delimiter must not be alphanumeric or backslash E:\xampp\htdocs\blog\blog_senior\Application\Common\Common\function.php 第 101 行.
NOTIC: [2] preg_match(): Delimiter must not be alphanumeric or backslash E:\xampp\htdocs\blog\blog_senior\Application\Common\Common\function.php 第 103 行.
NOTIC: [2] preg_match(): Delimiter must not be alphanumeric or backslash E:\xampp\htdocs\blog\blog_senior\Application\Common\Common\function.php 第 105 行.
NOTIC: [2] preg_match(): Delimiter must not be alphanumeric or backslash E:\xampp\htdocs\blog\blog_senior\Application\Common\Common\function.php 第 107 行.
NOTIC: [2] preg_match(): Delimiter must not be alphanumeric or backslash E:\xampp\htdocs\blog\blog_senior\Application\Common\Common\function.php 第 109 行.
NOTIC: [2] preg_match(): Delimiter must not be alphanumeric or backslash E:\xampp\htdocs\blog\blog_senior\Application\Common\Common\function.php 第 111 行.
NOTIC: [2] preg_match(): Delimiter must not be alphanumeric or backslash E:\xampp\htdocs\blog\blog_senior\Application\Common\Common\function.php 第 113 行.
NOTIC: [2] preg_match(): Delimiter must not be alphanumeric or backslash E:\xampp\htdocs\blog\blog_senior\Application\Common\Common\function.php 第 115 行.
NOTIC: [2] preg_match(): Delimiter must not be alphanumeric or backslash E:\xampp\htdocs\blog\blog_senior\Application\Common\Common\function.php 第 117 行.
NOTIC: [2] preg_match(): Delimiter must not be alphanumeric or backslash E:\xampp\htdocs\blog\blog_senior\Application\Common\Common\function.php 第 119 行.
NOTIC: [2] preg_match(): Delimiter must not be alphanumeric or backslash E:\xampp\htdocs\blog\blog_senior\Application\Common\Common\function.php 第 121 行.
NOTIC: [2] preg_match(): Delimiter must not be alphanumeric or backslash E:\xampp\htdocs\blog\blog_senior\Application\Common\Common\function.php 第 123 行.
NOTIC: [2] preg_match(): Delimiter must not be alphanumeric or backslash E:\xampp\htdocs\blog\blog_senior\Application\Common\Common\function.php 第 125 行.
NOTIC: [2] preg_match(): Delimiter must not be alphanumeric or backslash E:\xampp\htdocs\blog\blog_senior\Application\Common\Common\function.php 第 127 行.
NOTIC: [2] preg_match(): Delimiter must not be alphanumeric or backslash E:\xampp\htdocs\blog\blog_senior\Application\Common\Common\function.php 第 129 行.
NOTIC: [2] preg_match(): Delimiter must not be alphanumeric or backslash E:\xampp\htdocs\blog\blog_senior\Application\Common\Common\function.php 第 131 行.
NOTIC: [2] preg_match(): Delimiter must not be alphanumeric or backslash E:\xampp\htdocs\blog\blog_senior\Application\Common\Common\function.php 第 133 行.
NOTIC: [2] preg_match(): Delimiter must not be alphanumeric or backslash E:\xampp\htdocs\blog\blog_senior\Application\Common\Common\function.php 第 135 行.
NOTIC: [2] preg_match(): Delimiter must not be alphanumeric or backslash E:\xampp\htdocs\blog\blog_senior\Application\Common\Common\function.php 第 137 行.
SQL: SHOW COLUMNS FROM `lxb_article` [ RunTime:0.0073s ]
SQL: SELECT `a_keyword`,`a_id`,`create_time` FROM `lxb_article` WHERE ( a_keyword != '' and a_views > 0 ) ORDER BY create_time desc LIMIT 50   [ RunTime:0.0002s ]
SQL: SHOW COLUMNS FROM `lxb_carousel_list` [ RunTime:0.0074s ]
SQL: SELECT * FROM `lxb_carousel_list` WHERE ( img != '' and state > 0 ) ORDER BY orderby  [ RunTime:0.0003s ]
SQL: SHOW COLUMNS FROM `lxb_article_cate` [ RunTime:0.0068s ]
SQL: SELECT * FROM `lxb_article_cate`  [ RunTime:0.0003s ]
SQL: SHOW COLUMNS FROM `lxb_link` [ RunTime:0.0079s ]
SQL: SELECT * FROM `lxb_link` WHERE ( state = 1 ) ORDER BY orderby  [ RunTime:0.0002s ]
SQL: SHOW COLUMNS FROM `lxb_liuyan` [ RunTime:0.0070s ]
SQL: SELECT * FROM `lxb_liuyan` ORDER BY add_time desc LIMIT 4   [ RunTime:0.0002s ]
SQL: SELECT `a_id` FROM `lxb_article` WHERE ( a_views > 0 )  [ RunTime:0.0002s ]
NOTIC: [2] array_rand() expects parameter 1 to be array, null given E:\xampp\htdocs\blog\blog_senior\Application\Home\Controller\BaseController.class.php 第 84 行.
SQL: SELECT * FROM `lxb_article` WHERE `a_id` = null LIMIT 1   [ RunTime:0.0002s ]
SQL: SELECT * FROM `lxb_article` WHERE `a_id` = null LIMIT 1   [ RunTime:0.0002s ]
SQL: SELECT * FROM `lxb_article` WHERE `a_id` = null LIMIT 1   [ RunTime:0.0002s ]
SQL: SELECT `a_id`,`photo`,`a_title`,`a_remark`,`a_keyword`,`cate_id`,`create_time`,`last_time`,`a_content`,`a_views`,`a_type`,`a_red`,`a_from`,`a_writer`,`create_ip` FROM `lxb_article` WHERE ( a_views > 0 ) ORDER BY a_views desc LIMIT 12   [ RunTime:0.0002s ]
INFO: [ view_parse ] --START--
INFO: [ template_filter ] --START--
INFO: Run Behavior\ContentReplaceBehavior [ RunTime:0.000100s ]
INFO: [ template_filter ] --END-- [ RunTime:0.000136s ]
INFO: Run Behavior\ParseTemplateBehavior [ RunTime:0.016917s ]
INFO: [ view_parse ] --END-- [ RunTime:0.016963s ]
INFO: [ view_filter ] --START--
INFO: Run Behavior\WriteHtmlCacheBehavior [ RunTime:0.000540s ]
INFO: [ view_filter ] --END-- [ RunTime:0.000574s ]
INFO: [ app_end ] --START--
INFO: Run Behavior\ShowPageTraceBehavior [ RunTime:0.000624s ]
INFO: [ app_end ] --END-- [ RunTime:0.000662s ]

[ 2017-07-19T13:02:39+08:00 ] 127.0.0.1 /liuyan.html
INFO: [ app_init ] --START--
INFO: Run Behavior\BuildLiteBehavior [ RunTime:0.000010s ]
INFO: [ app_init ] --END-- [ RunTime:0.000427s ]
INFO: [ app_begin ] --START--
INFO: Run Behavior\ReadHtmlCacheBehavior [ RunTime:0.000592s ]
INFO: [ app_begin ] --END-- [ RunTime:0.000638s ]
NOTIC: [8] Undefined index: code E:\xampp\htdocs\blog\blog_senior\Application\Home\Controller\BaseController.class.php 第 24 行.
NOTIC: [2] preg_match(): Delimiter must not be alphanumeric or backslash E:\xampp\htdocs\blog\blog_senior\Application\Common\Common\function.php 第 63 行.
NOTIC: [2] preg_match(): Delimiter must not be alphanumeric or backslash E:\xampp\htdocs\blog\blog_senior\Application\Common\Common\function.php 第 65 行.
NOTIC: [2] preg_match(): Delimiter must not be alphanumeric or backslash E:\xampp\htdocs\blog\blog_senior\Application\Common\Common\function.php 第 67 行.
NOTIC: [2] preg_match(): Delimiter must not be alphanumeric or backslash E:\xampp\htdocs\blog\blog_senior\Application\Common\Common\function.php 第 69 行.
NOTIC: [2] preg_match(): Delimiter must not be alphanumeric or backslash E:\xampp\htdocs\blog\blog_senior\Application\Common\Common\function.php 第 71 行.
NOTIC: [2] preg_match(): Delimiter must not be alphanumeric or backslash E:\xampp\htdocs\blog\blog_senior\Application\Common\Common\function.php 第 73 行.
NOTIC: [2] preg_match(): Delimiter must not be alphanumeric or backslash E:\xampp\htdocs\blog\blog_senior\Application\Common\Common\function.php 第 75 行.
NOTIC: [2] preg_match(): Delimiter must not be alphanumeric or backslash E:\xampp\htdocs\blog\blog_senior\Application\Common\Common\function.php 第 77 行.
NOTIC: [2] preg_match(): Delimiter must not be alphanumeric or backslash E:\xampp\htdocs\blog\blog_senior\Application\Common\Common\function.php 第 79 行.
NOTIC: [2] preg_match(): Delimiter must not be alphanumeric or backslash E:\xampp\htdocs\blog\blog_senior\Application\Common\Common\function.php 第 81 行.
NOTIC: [2] preg_match(): Delimiter must not be alphanumeric or backslash E:\xampp\htdocs\blog\blog_senior\Application\Common\Common\function.php 第 83 行.
NOTIC: [2] preg_match(): Delimiter must not be alphanumeric or backslash E:\xampp\htdocs\blog\blog_senior\Application\Common\Common\function.php 第 85 行.
NOTIC: [2] preg_match(): Delimiter must not be alphanumeric or backslash E:\xampp\htdocs\blog\blog_senior\Application\Common\Common\function.php 第 87 行.
NOTIC: [2] preg_match(): Delimiter must not be alphanumeric or backslash E:\xampp\htdocs\blog\blog_senior\Application\Common\Common\function.php 第 89 行.
NOTIC: [2] preg_match(): Delimiter must not be alphanumeric or backslash E:\xampp\htdocs\blog\blog_senior\Application\Common\Common\function.php 第 91 行.
NOTIC: [2] preg_match(): Delimiter must not be alphanumeric or backslash E:\xampp\htdocs\blog\blog_senior\Application\Common\Common\function.php 第 93 行.
NOTIC: [2] preg_match(): Delimiter must not be alphanumeric or backslash E:\xampp\htdocs\blog\blog_senior\Application\Common\Common\function.php 第 95 行.
NOTIC: [2] preg_match(): Delimiter must not be alphanumeric or backslash E:\xampp\htdocs\blog\blog_senior\Application\Common\Common\function.php 第 97 行.
NOTIC: [2] preg_match(): Delimiter must not be alphanumeric or backslash E:\xampp\htdocs\blog\blog_senior\Application\Common\Common\function.php 第 99 行.
NOTIC: [2] preg_match(): Delimiter must not be alphanumeric or backslash E:\xampp\htdocs\blog\blog_senior\Application\Common\Common\function.php 第 101 行.
NOTIC: [2] preg_match(): Delimiter must not be alphanumeric or backslash E:\xampp\htdocs\blog\blog_senior\Application\Common\Common\function.php 第 103 行.
NOTIC: [2] preg_match(): Delimiter must not be alphanumeric or backslash E:\xampp\htdocs\blog\blog_senior\Application\Common\Common\function.php 第 105 行.
NOTIC: [2] preg_match(): Delimiter must not be alphanumeric or backslash E:\xampp\htdocs\blog\blog_senior\Application\Common\Common\function.php 第 107 行.
NOTIC: [2] preg_match(): Delimiter must not be alphanumeric or backslash E:\xampp\htdocs\blog\blog_senior\Application\Common\Common\function.php 第 109 行.
NOTIC: [2] preg_match(): Delimiter must not be alphanumeric or backslash E:\xampp\htdocs\blog\blog_senior\Application\Common\Common\function.php 第 111 行.
NOTIC: [2] preg_match(): Delimiter must not be alphanumeric or backslash E:\xampp\htdocs\blog\blog_senior\Application\Common\Common\function.php 第 113 行.
NOTIC: [2] preg_match(): Delimiter must not be alphanumeric or backslash E:\xampp\htdocs\blog\blog_senior\Application\Common\Common\function.php 第 115 行.
NOTIC: [2] preg_match(): Delimiter must not be alphanumeric or backslash E:\xampp\htdocs\blog\blog_senior\Application\Common\Common\function.php 第 117 行.
NOTIC: [2] preg_match(): Delimiter must not be alphanumeric or backslash E:\xampp\htdocs\blog\blog_senior\Application\Common\Common\function.php 第 119 行.
NOTIC: [2] preg_match(): Delimiter must not be alphanumeric or backslash E:\xampp\htdocs\blog\blog_senior\Application\Common\Common\function.php 第 121 行.
NOTIC: [2] preg_match(): Delimiter must not be alphanumeric or backslash E:\xampp\htdocs\blog\blog_senior\Application\Common\Common\function.php 第 123 行.
NOTIC: [2] preg_match(): Delimiter must not be alphanumeric or backslash E:\xampp\htdocs\blog\blog_senior\Application\Common\Common\function.php 第 125 行.
NOTIC: [2] preg_match(): Delimiter must not be alphanumeric or backslash E:\xampp\htdocs\blog\blog_senior\Application\Common\Common\function.php 第 127 行.
NOTIC: [2] preg_match(): Delimiter must not be alphanumeric or backslash E:\xampp\htdocs\blog\blog_senior\Application\Common\Common\function.php 第 129 行.
NOTIC: [2] preg_match(): Delimiter must not be alphanumeric or backslash E:\xampp\htdocs\blog\blog_senior\Application\Common\Common\function.php 第 131 行.
NOTIC: [2] preg_match(): Delimiter must not be alphanumeric or backslash E:\xampp\htdocs\blog\blog_senior\Application\Common\Common\function.php 第 133 行.
NOTIC: [2] preg_match(): Delimiter must not be alphanumeric or backslash E:\xampp\htdocs\blog\blog_senior\Application\Common\Common\function.php 第 135 行.
NOTIC: [2] preg_match(): Delimiter must not be alphanumeric or backslash E:\xampp\htdocs\blog\blog_senior\Application\Common\Common\function.php 第 137 行.
SQL: SHOW COLUMNS FROM `lxb_article` [ RunTime:0.0078s ]
SQL: SELECT `a_keyword`,`a_id`,`create_time` FROM `lxb_article` WHERE ( a_keyword != '' and a_views > 0 ) ORDER BY create_time desc LIMIT 50   [ RunTime:0.0002s ]
SQL: SHOW COLUMNS FROM `lxb_carousel_list` [ RunTime:0.0079s ]
SQL: SELECT * FROM `lxb_carousel_list` WHERE ( img != '' and state > 0 ) ORDER BY orderby  [ RunTime:0.0004s ]
SQL: SHOW COLUMNS FROM `lxb_article_cate` [ RunTime:0.0080s ]
SQL: SELECT * FROM `lxb_article_cate`  [ RunTime:0.0003s ]
SQL: SHOW COLUMNS FROM `lxb_link` [ RunTime:0.0079s ]
SQL: SELECT * FROM `lxb_link` WHERE ( state = 1 ) ORDER BY orderby  [ RunTime:0.0003s ]
SQL: SHOW COLUMNS FROM `lxb_liuyan` [ RunTime:0.0077s ]
SQL: SELECT * FROM `lxb_liuyan` ORDER BY add_time desc LIMIT 4   [ RunTime:0.0002s ]
SQL: SELECT `a_id` FROM `lxb_article` WHERE ( a_views > 0 )  [ RunTime:0.0001s ]
NOTIC: [2] array_rand() expects parameter 1 to be array, null given E:\xampp\htdocs\blog\blog_senior\Application\Home\Controller\BaseController.class.php 第 84 行.
SQL: SELECT * FROM `lxb_article` WHERE `a_id` = null LIMIT 1   [ RunTime:0.0002s ]
SQL: SELECT * FROM `lxb_article` WHERE `a_id` = null LIMIT 1   [ RunTime:0.0002s ]
SQL: SELECT * FROM `lxb_article` WHERE `a_id` = null LIMIT 1   [ RunTime:0.0002s ]
SQL: SELECT `a_id`,`photo`,`a_title`,`a_remark`,`a_keyword`,`cate_id`,`create_time`,`last_time`,`a_content`,`a_views`,`a_type`,`a_red`,`a_from`,`a_writer`,`create_ip` FROM `lxb_article` WHERE ( a_views > 0 ) ORDER BY a_views desc LIMIT 12   [ RunTime:0.0002s ]
SQL: SHOW COLUMNS FROM `lxb_liuyan` [ RunTime:0.0101s ]
SQL: SHOW COLUMNS FROM `lxb_liuyan` [ RunTime:0.0082s ]
SQL: SELECT COUNT(*) AS tp_count FROM `lxb_liuyan` LIMIT 1   [ RunTime:0.0002s ]
SQL: SELECT * FROM `lxb_liuyan` ORDER BY id desc LIMIT 0,7   [ RunTime:0.0002s ]
INFO: [ view_parse ] --START--
INFO: [ template_filter ] --START--
INFO: Run Behavior\ContentReplaceBehavior [ RunTime:0.000114s ]
INFO: [ template_filter ] --END-- [ RunTime:0.000155s ]
INFO: Run Behavior\ParseTemplateBehavior [ RunTime:0.019124s ]
INFO: [ view_parse ] --END-- [ RunTime:0.019176s ]
INFO: [ view_filter ] --START--
INFO: Run Behavior\WriteHtmlCacheBehavior [ RunTime:0.000492s ]
INFO: [ view_filter ] --END-- [ RunTime:0.000522s ]
INFO: [ app_end ] --START--
INFO: Run Behavior\ShowPageTraceBehavior [ RunTime:0.000641s ]
INFO: [ app_end ] --END-- [ RunTime:0.000679s ]

[ 2017-07-19T13:02:39+08:00 ] 127.0.0.1 /Home/Liuyan/verify.html
INFO: [ app_init ] --START--
INFO: Run Behavior\BuildLiteBehavior [ RunTime:0.000015s ]
INFO: [ app_init ] --END-- [ RunTime:0.000408s ]
INFO: [ app_begin ] --START--
INFO: Run Behavior\ReadHtmlCacheBehavior [ RunTime:0.000594s ]
INFO: [ app_begin ] --END-- [ RunTime:0.000644s ]
NOTIC: [8] Undefined index: code E:\xampp\htdocs\blog\blog_senior\Application\Home\Controller\BaseController.class.php 第 24 行.
NOTIC: [2] preg_match(): Delimiter must not be alphanumeric or backslash E:\xampp\htdocs\blog\blog_senior\Application\Common\Common\function.php 第 63 行.
NOTIC: [2] preg_match(): Delimiter must not be alphanumeric or backslash E:\xampp\htdocs\blog\blog_senior\Application\Common\Common\function.php 第 65 行.
NOTIC: [2] preg_match(): Delimiter must not be alphanumeric or backslash E:\xampp\htdocs\blog\blog_senior\Application\Common\Common\function.php 第 67 行.
NOTIC: [2] preg_match(): Delimiter must not be alphanumeric or backslash E:\xampp\htdocs\blog\blog_senior\Application\Common\Common\function.php 第 69 行.
NOTIC: [2] preg_match(): Delimiter must not be alphanumeric or backslash E:\xampp\htdocs\blog\blog_senior\Application\Common\Common\function.php 第 71 行.
NOTIC: [2] preg_match(): Delimiter must not be alphanumeric or backslash E:\xampp\htdocs\blog\blog_senior\Application\Common\Common\function.php 第 73 行.
NOTIC: [2] preg_match(): Delimiter must not be alphanumeric or backslash E:\xampp\htdocs\blog\blog_senior\Application\Common\Common\function.php 第 75 行.
NOTIC: [2] preg_match(): Delimiter must not be alphanumeric or backslash E:\xampp\htdocs\blog\blog_senior\Application\Common\Common\function.php 第 77 行.
NOTIC: [2] preg_match(): Delimiter must not be alphanumeric or backslash E:\xampp\htdocs\blog\blog_senior\Application\Common\Common\function.php 第 79 行.
NOTIC: [2] preg_match(): Delimiter must not be alphanumeric or backslash E:\xampp\htdocs\blog\blog_senior\Application\Common\Common\function.php 第 81 行.
NOTIC: [2] preg_match(): Delimiter must not be alphanumeric or backslash E:\xampp\htdocs\blog\blog_senior\Application\Common\Common\function.php 第 83 行.
NOTIC: [2] preg_match(): Delimiter must not be alphanumeric or backslash E:\xampp\htdocs\blog\blog_senior\Application\Common\Common\function.php 第 85 行.
NOTIC: [2] preg_match(): Delimiter must not be alphanumeric or backslash E:\xampp\htdocs\blog\blog_senior\Application\Common\Common\function.php 第 87 行.
NOTIC: [2] preg_match(): Delimiter must not be alphanumeric or backslash E:\xampp\htdocs\blog\blog_senior\Application\Common\Common\function.php 第 89 行.
NOTIC: [2] preg_match(): Delimiter must not be alphanumeric or backslash E:\xampp\htdocs\blog\blog_senior\Application\Common\Common\function.php 第 91 行.
NOTIC: [2] preg_match(): Delimiter must not be alphanumeric or backslash E:\xampp\htdocs\blog\blog_senior\Application\Common\Common\function.php 第 93 行.
NOTIC: [2] preg_match(): Delimiter must not be alphanumeric or backslash E:\xampp\htdocs\blog\blog_senior\Application\Common\Common\function.php 第 95 行.
NOTIC: [2] preg_match(): Delimiter must not be alphanumeric or backslash E:\xampp\htdocs\blog\blog_senior\Application\Common\Common\function.php 第 97 行.
NOTIC: [2] preg_match(): Delimiter must not be alphanumeric or backslash E:\xampp\htdocs\blog\blog_senior\Application\Common\Common\function.php 第 99 行.
NOTIC: [2] preg_match(): Delimiter must not be alphanumeric or backslash E:\xampp\htdocs\blog\blog_senior\Application\Common\Common\function.php 第 101 行.
NOTIC: [2] preg_match(): Delimiter must not be alphanumeric or backslash E:\xampp\htdocs\blog\blog_senior\Application\Common\Common\function.php 第 103 行.
NOTIC: [2] preg_match(): Delimiter must not be alphanumeric or backslash E:\xampp\htdocs\blog\blog_senior\Application\Common\Common\function.php 第 105 行.
NOTIC: [2] preg_match(): Delimiter must not be alphanumeric or backslash E:\xampp\htdocs\blog\blog_senior\Application\Common\Common\function.php 第 107 行.
NOTIC: [2] preg_match(): Delimiter must not be alphanumeric or backslash E:\xampp\htdocs\blog\blog_senior\Application\Common\Common\function.php 第 109 行.
NOTIC: [2] preg_match(): Delimiter must not be alphanumeric or backslash E:\xampp\htdocs\blog\blog_senior\Application\Common\Common\function.php 第 111 行.
NOTIC: [2] preg_match(): Delimiter must not be alphanumeric or backslash E:\xampp\htdocs\blog\blog_senior\Application\Common\Common\function.php 第 113 行.
NOTIC: [2] preg_match(): Delimiter must not be alphanumeric or backslash E:\xampp\htdocs\blog\blog_senior\Application\Common\Common\function.php 第 115 行.
NOTIC: [2] preg_match(): Delimiter must not be alphanumeric or backslash E:\xampp\htdocs\blog\blog_senior\Application\Common\Common\function.php 第 117 行.
NOTIC: [2] preg_match(): Delimiter must not be alphanumeric or backslash E:\xampp\htdocs\blog\blog_senior\Application\Common\Common\function.php 第 119 行.
NOTIC: [2] preg_match(): Delimiter must not be alphanumeric or backslash E:\xampp\htdocs\blog\blog_senior\Application\Common\Common\function.php 第 121 行.
NOTIC: [2] preg_match(): Delimiter must not be alphanumeric or backslash E:\xampp\htdocs\blog\blog_senior\Application\Common\Common\function.php 第 123 行.
NOTIC: [2] preg_match(): Delimiter must not be alphanumeric or backslash E:\xampp\htdocs\blog\blog_senior\Application\Common\Common\function.php 第 125 行.
NOTIC: [2] preg_match(): Delimiter must not be alphanumeric or backslash E:\xampp\htdocs\blog\blog_senior\Application\Common\Common\function.php 第 127 行.
NOTIC: [2] preg_match(): Delimiter must not be alphanumeric or backslash E:\xampp\htdocs\blog\blog_senior\Application\Common\Common\function.php 第 129 行.
NOTIC: [2] preg_match(): Delimiter must not be alphanumeric or backslash E:\xampp\htdocs\blog\blog_senior\Application\Common\Common\function.php 第 131 行.
NOTIC: [2] preg_match(): Delimiter must not be alphanumeric or backslash E:\xampp\htdocs\blog\blog_senior\Application\Common\Common\function.php 第 133 行.
NOTIC: [2] preg_match(): Delimiter must not be alphanumeric or backslash E:\xampp\htdocs\blog\blog_senior\Application\Common\Common\function.php 第 135 行.
NOTIC: [2] preg_match(): Delimiter must not be alphanumeric or backslash E:\xampp\htdocs\blog\blog_senior\Application\Common\Common\function.php 第 137 行.
SQL: SHOW COLUMNS FROM `lxb_article` [ RunTime:0.0120s ]
SQL: SELECT `a_keyword`,`a_id`,`create_time` FROM `lxb_article` WHERE ( a_keyword != '' and a_views > 0 ) ORDER BY create_time desc LIMIT 50   [ RunTime:0.0002s ]
SQL: SHOW COLUMNS FROM `lxb_carousel_list` [ RunTime:0.0080s ]
SQL: SELECT * FROM `lxb_carousel_list` WHERE ( img != '' and state > 0 ) ORDER BY orderby  [ RunTime:0.0004s ]
SQL: SHOW COLUMNS FROM `lxb_article_cate` [ RunTime:0.0101s ]
SQL: SELECT * FROM `lxb_article_cate`  [ RunTime:0.0003s ]
SQL: SHOW COLUMNS FROM `lxb_link` [ RunTime:0.0101s ]
SQL: SELECT * FROM `lxb_link` WHERE ( state = 1 ) ORDER BY orderby  [ RunTime:0.0003s ]
SQL: SHOW COLUMNS FROM `lxb_liuyan` [ RunTime:0.0094s ]
SQL: SELECT * FROM `lxb_liuyan` ORDER BY add_time desc LIMIT 4   [ RunTime:0.0002s ]
SQL: SELECT `a_id` FROM `lxb_article` WHERE ( a_views > 0 )  [ RunTime:0.0002s ]
NOTIC: [2] array_rand() expects parameter 1 to be array, null given E:\xampp\htdocs\blog\blog_senior\Application\Home\Controller\BaseController.class.php 第 84 行.
SQL: SELECT * FROM `lxb_article` WHERE `a_id` = null LIMIT 1   [ RunTime:0.0002s ]
SQL: SELECT * FROM `lxb_article` WHERE `a_id` = null LIMIT 1   [ RunTime:0.0002s ]
SQL: SELECT * FROM `lxb_article` WHERE `a_id` = null LIMIT 1   [ RunTime:0.0002s ]
SQL: SELECT `a_id`,`photo`,`a_title`,`a_remark`,`a_keyword`,`cate_id`,`create_time`,`last_time`,`a_content`,`a_views`,`a_type`,`a_red`,`a_from`,`a_writer`,`create_ip` FROM `lxb_article` WHERE ( a_views > 0 ) ORDER BY a_views desc LIMIT 12   [ RunTime:0.0002s ]
NOTIC: [8] A non well formed numeric value encountered E:\xampp\htdocs\blog\blog_senior\ThinkPHP\Library\Think\Verify.class.php 第 166 行.
NOTIC: [8] A non well formed numeric value encountered E:\xampp\htdocs\blog\blog_senior\ThinkPHP\Library\Think\Verify.class.php 第 166 行.
NOTIC: [8] A non well formed numeric value encountered E:\xampp\htdocs\blog\blog_senior\ThinkPHP\Library\Think\Verify.class.php 第 166 行.
NOTIC: [8] A non well formed numeric value encountered E:\xampp\htdocs\blog\blog_senior\ThinkPHP\Library\Think\Verify.class.php 第 166 行.
INFO: [ app_end ] --START--
INFO: Run Behavior\ShowPageTraceBehavior [ RunTime:0.000774s ]
INFO: [ app_end ] --END-- [ RunTime:0.000832s ]

