[ 2017-08-04T10:51:19+08:00 ] 127.0.0.1 /admin
INFO: [ app_init ] --START--
INFO: Run Behavior\BuildLiteBehavior [ RunTime:0.000011s ]
INFO: [ app_init ] --END-- [ RunTime:0.000628s ]
INFO: [ app_begin ] --START--
INFO: Run Behavior\ReadHtmlCacheBehavior [ RunTime:0.000799s ]
INFO: [ app_begin ] --END-- [ RunTime:0.000864s ]

[ 2017-08-04T10:51:19+08:00 ] 127.0.0.1 /Admin/login/index.html
INFO: [ app_init ] --START--
INFO: Run Behavior\BuildLiteBehavior [ RunTime:0.000010s ]
INFO: [ app_init ] --END-- [ RunTime:0.000425s ]
INFO: [ app_begin ] --START--
INFO: Run Behavior\ReadHtmlCacheBehavior [ RunTime:0.000967s ]
INFO: [ app_begin ] --END-- [ RunTime:0.001061s ]
INFO: [ view_parse ] --START--
INFO: [ template_filter ] --START--
INFO: Run Behavior\ContentReplaceBehavior [ RunTime:0.000050s ]
INFO: [ template_filter ] --END-- [ RunTime:0.000095s ]
INFO: Run Behavior\ParseTemplateBehavior [ RunTime:0.053999s ]
INFO: [ view_parse ] --END-- [ RunTime:0.054089s ]
INFO: [ view_filter ] --START--
INFO: Run Behavior\WriteHtmlCacheBehavior [ RunTime:0.000340s ]
INFO: [ view_filter ] --END-- [ RunTime:0.000369s ]
INFO: [ app_end ] --START--
INFO: Run Behavior\ShowPageTraceBehavior [ RunTime:0.000478s ]
INFO: [ app_end ] --END-- [ RunTime:0.000509s ]

[ 2017-08-04T10:51:34+08:00 ] 127.0.0.1 /Admin/Login/dologin
INFO: [ app_init ] --START--
INFO: Run Behavior\BuildLiteBehavior [ RunTime:0.000012s ]
INFO: [ app_init ] --END-- [ RunTime:0.000378s ]
INFO: [ app_begin ] --START--
INFO: Run Behavior\ReadHtmlCacheBehavior [ RunTime:0.000390s ]
INFO: [ app_begin ] --END-- [ RunTime:0.000425s ]
SQL: SHOW COLUMNS FROM `lxb_admin` [ RunTime:0.0511s ]
SQL: SELECT * FROM `lxb_admin` WHERE `user` = 'Pjhornix' AND `state` = 1 LIMIT 1   [ RunTime:0.0003s ]

[ 2017-08-04T10:51:49+08:00 ] 127.0.0.1 /Admin/Login/dologin
INFO: [ app_init ] --START--
INFO: Run Behavior\BuildLiteBehavior [ RunTime:0.000047s ]
INFO: [ app_init ] --END-- [ RunTime:0.001223s ]
INFO: [ app_begin ] --START--
INFO: Run Behavior\ReadHtmlCacheBehavior [ RunTime:0.000463s ]
INFO: [ app_begin ] --END-- [ RunTime:0.000506s ]
SQL: SHOW COLUMNS FROM `lxb_admin` [ RunTime:0.0020s ]
SQL: SELECT * FROM `lxb_admin` WHERE `user` = 'Phoenix' AND `state` = 1 LIMIT 1   [ RunTime:0.0002s ]
SQL: UPDATE `lxb_admin` SET `last_logintime`='1501815109',`last_loginip`='127.0.0.1' WHERE `id` = 1 [ RunTime:0.0382s ]

[ 2017-08-04T10:51:50+08:00 ] 127.0.0.1 /Admin/Index/index.html
INFO: [ app_init ] --START--
INFO: Run Behavior\BuildLiteBehavior [ RunTime:0.000010s ]
INFO: [ app_init ] --END-- [ RunTime:0.000416s ]
INFO: [ app_begin ] --START--
INFO: Run Behavior\ReadHtmlCacheBehavior [ RunTime:0.000467s ]
INFO: [ app_begin ] --END-- [ RunTime:0.000503s ]
NOTIC: [8] Undefined index: menu_list E:\xampp\htdocs\blog\blog_senior\Application\Admin\Controller\BaseController.class.php 第 65 行.
NOTIC: [2] Invalid argument supplied for foreach() E:\xampp\htdocs\blog\blog_senior\Application\Admin\Controller\BaseController.class.php 第 65 行.
SQL: SHOW COLUMNS FROM `lxb_treenode` [ RunTime:0.0707s ]
SQL: SELECT * FROM `lxb_treenode` WHERE `menuflag` = 1  [ RunTime:0.0110s ]
INFO: [ view_parse ] --START--
INFO: [ template_filter ] --START--
INFO: Run Behavior\ContentReplaceBehavior [ RunTime:0.000096s ]
INFO: [ template_filter ] --END-- [ RunTime:0.000138s ]
NOTIC: [8] Undefined variable: Os E:\xampp\htdocs\blog\blog_senior\Application\Runtime\Cache\Admin\b595b808c2ebeeeb0478ffc30bb4e87a.php 第 110 行.
INFO: Run Behavior\ParseTemplateBehavior [ RunTime:0.216583s ]
INFO: [ view_parse ] --END-- [ RunTime:0.216715s ]
INFO: [ view_filter ] --START--
INFO: Run Behavior\WriteHtmlCacheBehavior [ RunTime:0.000806s ]
INFO: [ view_filter ] --END-- [ RunTime:0.000885s ]
INFO: [ app_end ] --START--
INFO: Run Behavior\ShowPageTraceBehavior [ RunTime:0.001454s ]
INFO: [ app_end ] --END-- [ RunTime:0.001606s ]

[ 2017-08-04T10:52:03+08:00 ] 127.0.0.1 /Admin/system/role.html
INFO: [ app_init ] --START--
INFO: Run Behavior\BuildLiteBehavior [ RunTime:0.000010s ]
INFO: [ app_init ] --END-- [ RunTime:0.000346s ]
INFO: [ app_begin ] --START--
INFO: Run Behavior\ReadHtmlCacheBehavior [ RunTime:0.000396s ]
INFO: [ app_begin ] --END-- [ RunTime:0.000431s ]
NOTIC: [8] Undefined index: menu_list E:\xampp\htdocs\blog\blog_senior\Application\Admin\Controller\BaseController.class.php 第 65 行.
NOTIC: [2] Invalid argument supplied for foreach() E:\xampp\htdocs\blog\blog_senior\Application\Admin\Controller\BaseController.class.php 第 65 行.
SQL: SHOW COLUMNS FROM `lxb_treenode` [ RunTime:0.0019s ]
SQL: SELECT * FROM `lxb_treenode` WHERE `menuflag` = 1  [ RunTime:0.0004s ]
SQL: SHOW COLUMNS FROM `lxb_role` [ RunTime:0.0344s ]
SQL: SELECT COUNT(*) AS tp_count FROM `lxb_role` LIMIT 1   [ RunTime:0.0002s ]
SQL: SELECT * FROM `lxb_role` ORDER BY id desc LIMIT 0,10   [ RunTime:0.0003s ]
INFO: [ view_parse ] --START--
INFO: [ template_filter ] --START--
INFO: Run Behavior\ContentReplaceBehavior [ RunTime:0.000098s ]
INFO: [ template_filter ] --END-- [ RunTime:0.000151s ]
NOTIC: [8] Undefined variable: Os E:\xampp\htdocs\blog\blog_senior\Application\Runtime\Cache\Admin\86174e1f3cc77f335ad91dcb745bd53f.php 第 148 行.
INFO: Run Behavior\ParseTemplateBehavior [ RunTime:0.034776s ]
INFO: [ view_parse ] --END-- [ RunTime:0.034849s ]
INFO: [ view_filter ] --START--
INFO: Run Behavior\WriteHtmlCacheBehavior [ RunTime:0.000334s ]
INFO: [ view_filter ] --END-- [ RunTime:0.000361s ]
INFO: [ app_end ] --START--
INFO: Run Behavior\ShowPageTraceBehavior [ RunTime:0.000456s ]
INFO: [ app_end ] --END-- [ RunTime:0.000501s ]

[ 2017-08-04T10:52:17+08:00 ] 127.0.0.1 /Admin/advert/indextype.html
INFO: [ app_init ] --START--
INFO: Run Behavior\BuildLiteBehavior [ RunTime:0.000011s ]
INFO: [ app_init ] --END-- [ RunTime:0.000409s ]
INFO: [ app_begin ] --START--
INFO: Run Behavior\ReadHtmlCacheBehavior [ RunTime:0.000474s ]
INFO: [ app_begin ] --END-- [ RunTime:0.000511s ]
NOTIC: [8] Undefined index: menu_list E:\xampp\htdocs\blog\blog_senior\Application\Admin\Controller\BaseController.class.php 第 65 行.
NOTIC: [2] Invalid argument supplied for foreach() E:\xampp\htdocs\blog\blog_senior\Application\Admin\Controller\BaseController.class.php 第 65 行.
SQL: SHOW COLUMNS FROM `lxb_treenode` [ RunTime:0.0020s ]
SQL: SELECT * FROM `lxb_treenode` WHERE `menuflag` = 1  [ RunTime:0.0004s ]
SQL: SHOW COLUMNS FROM `lxb_adverttype` [ RunTime:0.0325s ]
SQL: SELECT COUNT(*) AS tp_count FROM `lxb_adverttype` LIMIT 1   [ RunTime:0.0002s ]
SQL: SELECT * FROM `lxb_adverttype` ORDER BY id asc LIMIT 0,10   [ RunTime:0.0002s ]
INFO: [ view_parse ] --START--
INFO: [ template_filter ] --START--
INFO: Run Behavior\ContentReplaceBehavior [ RunTime:0.000071s ]
INFO: [ template_filter ] --END-- [ RunTime:0.000122s ]
NOTIC: [8] Undefined variable: Os E:\xampp\htdocs\blog\blog_senior\Application\Runtime\Cache\Admin\f952fc7ba8fc0514afe168f05ac7bb14.php 第 148 行.
INFO: Run Behavior\ParseTemplateBehavior [ RunTime:0.040864s ]
INFO: [ view_parse ] --END-- [ RunTime:0.040917s ]
INFO: [ view_filter ] --START--
INFO: Run Behavior\WriteHtmlCacheBehavior [ RunTime:0.000340s ]
INFO: [ view_filter ] --END-- [ RunTime:0.000369s ]
INFO: [ app_end ] --START--
INFO: Run Behavior\ShowPageTraceBehavior [ RunTime:0.000458s ]
INFO: [ app_end ] --END-- [ RunTime:0.000491s ]

[ 2017-08-04T10:52:20+08:00 ] 127.0.0.1 /Admin/advert/index.html
INFO: [ app_init ] --START--
INFO: Run Behavior\BuildLiteBehavior [ RunTime:0.000009s ]
INFO: [ app_init ] --END-- [ RunTime:0.000389s ]
INFO: [ app_begin ] --START--
INFO: Run Behavior\ReadHtmlCacheBehavior [ RunTime:0.000430s ]
INFO: [ app_begin ] --END-- [ RunTime:0.000468s ]
NOTIC: [8] Undefined index: menu_list E:\xampp\htdocs\blog\blog_senior\Application\Admin\Controller\BaseController.class.php 第 65 行.
NOTIC: [2] Invalid argument supplied for foreach() E:\xampp\htdocs\blog\blog_senior\Application\Admin\Controller\BaseController.class.php 第 65 行.
SQL: SHOW COLUMNS FROM `lxb_treenode` [ RunTime:0.0160s ]
SQL: SELECT * FROM `lxb_treenode` WHERE `menuflag` = 1  [ RunTime:0.0004s ]
SQL: SHOW COLUMNS FROM `lxb_advert` [ RunTime:0.1660s ]
SQL: SHOW COLUMNS FROM `lxb_adverttype` [ RunTime:0.0017s ]
SQL: SELECT COUNT(*) AS tp_count FROM `lxb_advert` LIMIT 1   [ RunTime:0.0002s ]
SQL: SELECT * FROM `lxb_advert` ORDER BY id desc LIMIT 0,10   [ RunTime:0.0002s ]
SQL: SELECT * FROM `lxb_adverttype`  [ RunTime:0.0002s ]
INFO: [ view_parse ] --START--
INFO: [ template_filter ] --START--
INFO: Run Behavior\ContentReplaceBehavior [ RunTime:0.000070s ]
INFO: [ template_filter ] --END-- [ RunTime:0.000109s ]
NOTIC: [8] Undefined variable: Os E:\xampp\htdocs\blog\blog_senior\Application\Runtime\Cache\Admin\394b095ea5cbaa5051fbcfe2ce85492e.php 第 148 行.
INFO: Run Behavior\ParseTemplateBehavior [ RunTime:0.044823s ]
INFO: [ view_parse ] --END-- [ RunTime:0.044886s ]
INFO: [ view_filter ] --START--
INFO: Run Behavior\WriteHtmlCacheBehavior [ RunTime:0.000433s ]
INFO: [ view_filter ] --END-- [ RunTime:0.000475s ]
INFO: [ app_end ] --START--
INFO: Run Behavior\ShowPageTraceBehavior [ RunTime:0.000590s ]
INFO: [ app_end ] --END-- [ RunTime:0.000639s ]

[ 2017-08-04T10:52:59+08:00 ] 127.0.0.1 /Admin/index/index.html
INFO: [ app_init ] --START--
INFO: Run Behavior\BuildLiteBehavior [ RunTime:0.000010s ]
INFO: [ app_init ] --END-- [ RunTime:0.000369s ]
INFO: [ app_begin ] --START--
INFO: Run Behavior\ReadHtmlCacheBehavior [ RunTime:0.000408s ]
INFO: [ app_begin ] --END-- [ RunTime:0.000443s ]
NOTIC: [8] Undefined index: menu_list E:\xampp\htdocs\blog\blog_senior\Application\Admin\Controller\BaseController.class.php 第 65 行.
NOTIC: [2] Invalid argument supplied for foreach() E:\xampp\htdocs\blog\blog_senior\Application\Admin\Controller\BaseController.class.php 第 65 行.
SQL: SHOW COLUMNS FROM `lxb_treenode` [ RunTime:0.0019s ]
SQL: SELECT * FROM `lxb_treenode` WHERE `menuflag` = 1  [ RunTime:0.0004s ]
INFO: [ view_parse ] --START--
INFO: [ template_filter ] --START--
INFO: Run Behavior\ContentReplaceBehavior [ RunTime:0.000095s ]
INFO: [ template_filter ] --END-- [ RunTime:0.000135s ]
NOTIC: [8] Undefined variable: Os E:\xampp\htdocs\blog\blog_senior\Application\Runtime\Cache\Admin\b595b808c2ebeeeb0478ffc30bb4e87a.php 第 110 行.
INFO: Run Behavior\ParseTemplateBehavior [ RunTime:0.013076s ]
INFO: [ view_parse ] --END-- [ RunTime:0.013109s ]
INFO: [ view_filter ] --START--
INFO: Run Behavior\WriteHtmlCacheBehavior [ RunTime:0.000329s ]
INFO: [ view_filter ] --END-- [ RunTime:0.000357s ]
INFO: [ app_end ] --START--
INFO: Run Behavior\ShowPageTraceBehavior [ RunTime:0.000456s ]
INFO: [ app_end ] --END-- [ RunTime:0.000490s ]

[ 2017-08-04T10:53:07+08:00 ] 127.0.0.1 /Admin/index/index.html
INFO: [ app_init ] --START--
INFO: Run Behavior\BuildLiteBehavior [ RunTime:0.000009s ]
INFO: [ app_init ] --END-- [ RunTime:0.000411s ]
INFO: [ app_begin ] --START--
INFO: Run Behavior\ReadHtmlCacheBehavior [ RunTime:0.000477s ]
INFO: [ app_begin ] --END-- [ RunTime:0.000513s ]
NOTIC: [8] Undefined index: menu_list E:\xampp\htdocs\blog\blog_senior\Application\Admin\Controller\BaseController.class.php 第 65 行.
NOTIC: [2] Invalid argument supplied for foreach() E:\xampp\htdocs\blog\blog_senior\Application\Admin\Controller\BaseController.class.php 第 65 行.
SQL: SHOW COLUMNS FROM `lxb_treenode` [ RunTime:0.0023s ]
SQL: SELECT * FROM `lxb_treenode` WHERE `menuflag` = 1  [ RunTime:0.0004s ]
INFO: [ view_parse ] --START--
INFO: [ template_filter ] --START--
INFO: Run Behavior\ContentReplaceBehavior [ RunTime:0.000100s ]
INFO: [ template_filter ] --END-- [ RunTime:0.000139s ]
NOTIC: [8] Undefined variable: Os E:\xampp\htdocs\blog\blog_senior\Application\Runtime\Cache\Admin\b595b808c2ebeeeb0478ffc30bb4e87a.php 第 110 行.
INFO: Run Behavior\ParseTemplateBehavior [ RunTime:0.012383s ]
INFO: [ view_parse ] --END-- [ RunTime:0.012417s ]
INFO: [ view_filter ] --START--
INFO: Run Behavior\WriteHtmlCacheBehavior [ RunTime:0.000337s ]
INFO: [ view_filter ] --END-- [ RunTime:0.000365s ]
INFO: [ app_end ] --START--
INFO: Run Behavior\ShowPageTraceBehavior [ RunTime:0.000474s ]
INFO: [ app_end ] --END-- [ RunTime:0.000508s ]

[ 2017-08-04T10:53:14+08:00 ] 127.0.0.1 /Admin/index/index.html
INFO: [ app_init ] --START--
INFO: Run Behavior\BuildLiteBehavior [ RunTime:0.000010s ]
INFO: [ app_init ] --END-- [ RunTime:0.000442s ]
INFO: [ app_begin ] --START--
INFO: Run Behavior\ReadHtmlCacheBehavior [ RunTime:0.000543s ]
INFO: [ app_begin ] --END-- [ RunTime:0.000579s ]
NOTIC: [8] Undefined index: menu_list E:\xampp\htdocs\blog\blog_senior\Application\Admin\Controller\BaseController.class.php 第 65 行.
NOTIC: [2] Invalid argument supplied for foreach() E:\xampp\htdocs\blog\blog_senior\Application\Admin\Controller\BaseController.class.php 第 65 行.
SQL: SHOW COLUMNS FROM `lxb_treenode` [ RunTime:0.0020s ]
SQL: SELECT * FROM `lxb_treenode` WHERE `menuflag` = 1  [ RunTime:0.0004s ]
INFO: [ view_parse ] --START--
INFO: [ template_filter ] --START--
INFO: Run Behavior\ContentReplaceBehavior [ RunTime:0.000100s ]
INFO: [ template_filter ] --END-- [ RunTime:0.000138s ]
NOTIC: [8] Undefined variable: Os E:\xampp\htdocs\blog\blog_senior\Application\Runtime\Cache\Admin\b595b808c2ebeeeb0478ffc30bb4e87a.php 第 110 行.
INFO: Run Behavior\ParseTemplateBehavior [ RunTime:0.012798s ]
INFO: [ view_parse ] --END-- [ RunTime:0.012831s ]
INFO: [ view_filter ] --START--
INFO: Run Behavior\WriteHtmlCacheBehavior [ RunTime:0.000395s ]
INFO: [ view_filter ] --END-- [ RunTime:0.000424s ]
INFO: [ app_end ] --START--
INFO: Run Behavior\ShowPageTraceBehavior [ RunTime:0.000524s ]
INFO: [ app_end ] --END-- [ RunTime:0.000559s ]

[ 2017-08-04T10:53:16+08:00 ] 127.0.0.1 /Admin/index/index.html
INFO: [ app_init ] --START--
INFO: Run Behavior\BuildLiteBehavior [ RunTime:0.000010s ]
INFO: [ app_init ] --END-- [ RunTime:0.000400s ]
INFO: [ app_begin ] --START--
INFO: Run Behavior\ReadHtmlCacheBehavior [ RunTime:0.000454s ]
INFO: [ app_begin ] --END-- [ RunTime:0.000490s ]
NOTIC: [8] Undefined index: menu_list E:\xampp\htdocs\blog\blog_senior\Application\Admin\Controller\BaseController.class.php 第 65 行.
NOTIC: [2] Invalid argument supplied for foreach() E:\xampp\htdocs\blog\blog_senior\Application\Admin\Controller\BaseController.class.php 第 65 行.
SQL: SHOW COLUMNS FROM `lxb_treenode` [ RunTime:0.0024s ]
SQL: SELECT * FROM `lxb_treenode` WHERE `menuflag` = 1  [ RunTime:0.0004s ]
INFO: [ view_parse ] --START--
INFO: [ template_filter ] --START--
INFO: Run Behavior\ContentReplaceBehavior [ RunTime:0.000096s ]
INFO: [ template_filter ] --END-- [ RunTime:0.000142s ]
NOTIC: [8] Undefined variable: Os E:\xampp\htdocs\blog\blog_senior\Application\Runtime\Cache\Admin\b595b808c2ebeeeb0478ffc30bb4e87a.php 第 110 行.
INFO: Run Behavior\ParseTemplateBehavior [ RunTime:0.014276s ]
INFO: [ view_parse ] --END-- [ RunTime:0.014312s ]
INFO: [ view_filter ] --START--
INFO: Run Behavior\WriteHtmlCacheBehavior [ RunTime:0.000292s ]
INFO: [ view_filter ] --END-- [ RunTime:0.000322s ]
INFO: [ app_end ] --START--
INFO: Run Behavior\ShowPageTraceBehavior [ RunTime:0.000457s ]
INFO: [ app_end ] --END-- [ RunTime:0.000495s ]

[ 2017-08-04T10:53:32+08:00 ] 127.0.0.1 /Admin/index/index.html
INFO: [ app_init ] --START--
INFO: Run Behavior\BuildLiteBehavior [ RunTime:0.000011s ]
INFO: [ app_init ] --END-- [ RunTime:0.000393s ]
INFO: [ app_begin ] --START--
INFO: Run Behavior\ReadHtmlCacheBehavior [ RunTime:0.000460s ]
INFO: [ app_begin ] --END-- [ RunTime:0.000496s ]
NOTIC: [8] Undefined index: menu_list E:\xampp\htdocs\blog\blog_senior\Application\Admin\Controller\BaseController.class.php 第 65 行.
NOTIC: [2] Invalid argument supplied for foreach() E:\xampp\htdocs\blog\blog_senior\Application\Admin\Controller\BaseController.class.php 第 65 行.
SQL: SHOW COLUMNS FROM `lxb_treenode` [ RunTime:0.0028s ]
SQL: SELECT * FROM `lxb_treenode` WHERE `menuflag` = 1  [ RunTime:0.0004s ]
INFO: [ view_parse ] --START--
INFO: [ template_filter ] --START--
INFO: Run Behavior\ContentReplaceBehavior [ RunTime:0.000095s ]
INFO: [ template_filter ] --END-- [ RunTime:0.000126s ]
NOTIC: [8] Undefined variable: Os E:\xampp\htdocs\blog\blog_senior\Application\Runtime\Cache\Admin\b595b808c2ebeeeb0478ffc30bb4e87a.php 第 110 行.
INFO: Run Behavior\ParseTemplateBehavior [ RunTime:0.012705s ]
INFO: [ view_parse ] --END-- [ RunTime:0.012743s ]
INFO: [ view_filter ] --START--
INFO: Run Behavior\WriteHtmlCacheBehavior [ RunTime:0.000347s ]
INFO: [ view_filter ] --END-- [ RunTime:0.000376s ]
INFO: [ app_end ] --START--
INFO: Run Behavior\ShowPageTraceBehavior [ RunTime:0.000464s ]
INFO: [ app_end ] --END-- [ RunTime:0.000499s ]

[ 2017-08-04T10:53:34+08:00 ] 127.0.0.1 /Admin/system/role.html
INFO: [ app_init ] --START--
INFO: Run Behavior\BuildLiteBehavior [ RunTime:0.000011s ]
INFO: [ app_init ] --END-- [ RunTime:0.000422s ]
INFO: [ app_begin ] --START--
INFO: Run Behavior\ReadHtmlCacheBehavior [ RunTime:0.000526s ]
INFO: [ app_begin ] --END-- [ RunTime:0.000561s ]
NOTIC: [8] Undefined index: menu_list E:\xampp\htdocs\blog\blog_senior\Application\Admin\Controller\BaseController.class.php 第 65 行.
NOTIC: [2] Invalid argument supplied for foreach() E:\xampp\htdocs\blog\blog_senior\Application\Admin\Controller\BaseController.class.php 第 65 行.
SQL: SHOW COLUMNS FROM `lxb_treenode` [ RunTime:0.0021s ]
SQL: SELECT * FROM `lxb_treenode` WHERE `menuflag` = 1  [ RunTime:0.0004s ]
SQL: SHOW COLUMNS FROM `lxb_role` [ RunTime:0.0016s ]
SQL: SELECT COUNT(*) AS tp_count FROM `lxb_role` LIMIT 1   [ RunTime:0.0002s ]
SQL: SELECT * FROM `lxb_role` ORDER BY id desc LIMIT 0,10   [ RunTime:0.0002s ]
INFO: [ view_parse ] --START--
INFO: [ template_filter ] --START--
INFO: Run Behavior\ContentReplaceBehavior [ RunTime:0.000075s ]
INFO: [ template_filter ] --END-- [ RunTime:0.000105s ]
NOTIC: [8] Undefined variable: Os E:\xampp\htdocs\blog\blog_senior\Application\Runtime\Cache\Admin\86174e1f3cc77f335ad91dcb745bd53f.php 第 148 行.
INFO: Run Behavior\ParseTemplateBehavior [ RunTime:0.012064s ]
INFO: [ view_parse ] --END-- [ RunTime:0.012108s ]
INFO: [ view_filter ] --START--
INFO: Run Behavior\WriteHtmlCacheBehavior [ RunTime:0.000311s ]
INFO: [ view_filter ] --END-- [ RunTime:0.000339s ]
INFO: [ app_end ] --START--
INFO: Run Behavior\ShowPageTraceBehavior [ RunTime:0.000433s ]
INFO: [ app_end ] --END-- [ RunTime:0.000467s ]

[ 2017-08-04T10:53:49+08:00 ] 127.0.0.1 /Admin/system/role.html
INFO: [ app_init ] --START--
INFO: Run Behavior\BuildLiteBehavior [ RunTime:0.000010s ]
INFO: [ app_init ] --END-- [ RunTime:0.000403s ]
INFO: [ app_begin ] --START--
INFO: Run Behavior\ReadHtmlCacheBehavior [ RunTime:0.000541s ]
INFO: [ app_begin ] --END-- [ RunTime:0.000575s ]
NOTIC: [8] Undefined index: menu_list E:\xampp\htdocs\blog\blog_senior\Application\Admin\Controller\BaseController.class.php 第 65 行.
NOTIC: [2] Invalid argument supplied for foreach() E:\xampp\htdocs\blog\blog_senior\Application\Admin\Controller\BaseController.class.php 第 65 行.
SQL: SHOW COLUMNS FROM `lxb_treenode` [ RunTime:0.0023s ]
SQL: SELECT * FROM `lxb_treenode` WHERE `menuflag` = 1  [ RunTime:0.0004s ]
SQL: SHOW COLUMNS FROM `lxb_role` [ RunTime:0.0017s ]
SQL: SELECT COUNT(*) AS tp_count FROM `lxb_role` LIMIT 1   [ RunTime:0.0002s ]
SQL: SELECT * FROM `lxb_role` ORDER BY id desc LIMIT 0,10   [ RunTime:0.0003s ]
INFO: [ view_parse ] --START--
INFO: [ template_filter ] --START--
INFO: Run Behavior\ContentReplaceBehavior [ RunTime:0.000069s ]
INFO: [ template_filter ] --END-- [ RunTime:0.000109s ]
NOTIC: [8] Undefined variable: Os E:\xampp\htdocs\blog\blog_senior\Application\Runtime\Cache\Admin\86174e1f3cc77f335ad91dcb745bd53f.php 第 148 行.
INFO: Run Behavior\ParseTemplateBehavior [ RunTime:0.014299s ]
INFO: [ view_parse ] --END-- [ RunTime:0.014344s ]
INFO: [ view_filter ] --START--
INFO: Run Behavior\WriteHtmlCacheBehavior [ RunTime:0.000450s ]
INFO: [ view_filter ] --END-- [ RunTime:0.000479s ]
INFO: [ app_end ] --START--
INFO: Run Behavior\ShowPageTraceBehavior [ RunTime:0.000568s ]
INFO: [ app_end ] --END-- [ RunTime:0.000613s ]

[ 2017-08-04T10:53:49+08:00 ] 127.0.0.1 /Admin/system/role.html
INFO: [ app_init ] --START--
INFO: Run Behavior\BuildLiteBehavior [ RunTime:0.000012s ]
INFO: [ app_init ] --END-- [ RunTime:0.000381s ]
INFO: [ app_begin ] --START--
INFO: Run Behavior\ReadHtmlCacheBehavior [ RunTime:0.000432s ]
INFO: [ app_begin ] --END-- [ RunTime:0.000472s ]
NOTIC: [8] Undefined index: menu_list E:\xampp\htdocs\blog\blog_senior\Application\Admin\Controller\BaseController.class.php 第 65 行.
NOTIC: [2] Invalid argument supplied for foreach() E:\xampp\htdocs\blog\blog_senior\Application\Admin\Controller\BaseController.class.php 第 65 行.
SQL: SHOW COLUMNS FROM `lxb_treenode` [ RunTime:0.0019s ]
SQL: SELECT * FROM `lxb_treenode` WHERE `menuflag` = 1  [ RunTime:0.0004s ]
SQL: SHOW COLUMNS FROM `lxb_role` [ RunTime:0.0018s ]
SQL: SELECT COUNT(*) AS tp_count FROM `lxb_role` LIMIT 1   [ RunTime:0.0002s ]
SQL: SELECT * FROM `lxb_role` ORDER BY id desc LIMIT 0,10   [ RunTime:0.0002s ]
INFO: [ view_parse ] --START--
INFO: [ template_filter ] --START--
INFO: Run Behavior\ContentReplaceBehavior [ RunTime:0.000071s ]
INFO: [ template_filter ] --END-- [ RunTime:0.000113s ]
NOTIC: [8] Undefined variable: Os E:\xampp\htdocs\blog\blog_senior\Application\Runtime\Cache\Admin\86174e1f3cc77f335ad91dcb745bd53f.php 第 148 行.
INFO: Run Behavior\ParseTemplateBehavior [ RunTime:0.013017s ]
INFO: [ view_parse ] --END-- [ RunTime:0.013059s ]
INFO: [ view_filter ] --START--
INFO: Run Behavior\WriteHtmlCacheBehavior [ RunTime:0.000405s ]
INFO: [ view_filter ] --END-- [ RunTime:0.000433s ]
INFO: [ app_end ] --START--
INFO: Run Behavior\ShowPageTraceBehavior [ RunTime:0.000549s ]
INFO: [ app_end ] --END-- [ RunTime:0.000587s ]

[ 2017-08-04T10:53:50+08:00 ] 127.0.0.1 /Admin/system/role.html
INFO: [ app_init ] --START--
INFO: Run Behavior\BuildLiteBehavior [ RunTime:0.000010s ]
INFO: [ app_init ] --END-- [ RunTime:0.000322s ]
INFO: [ app_begin ] --START--
INFO: Run Behavior\ReadHtmlCacheBehavior [ RunTime:0.000375s ]
INFO: [ app_begin ] --END-- [ RunTime:0.000409s ]
NOTIC: [8] Undefined index: menu_list E:\xampp\htdocs\blog\blog_senior\Application\Admin\Controller\BaseController.class.php 第 65 行.
NOTIC: [2] Invalid argument supplied for foreach() E:\xampp\htdocs\blog\blog_senior\Application\Admin\Controller\BaseController.class.php 第 65 行.
SQL: SHOW COLUMNS FROM `lxb_treenode` [ RunTime:0.0020s ]
SQL: SELECT * FROM `lxb_treenode` WHERE `menuflag` = 1  [ RunTime:0.0005s ]
SQL: SHOW COLUMNS FROM `lxb_role` [ RunTime:0.0017s ]
SQL: SELECT COUNT(*) AS tp_count FROM `lxb_role` LIMIT 1   [ RunTime:0.0002s ]
SQL: SELECT * FROM `lxb_role` ORDER BY id desc LIMIT 0,10   [ RunTime:0.0002s ]
INFO: [ view_parse ] --START--
INFO: [ template_filter ] --START--
INFO: Run Behavior\ContentReplaceBehavior [ RunTime:0.000071s ]
INFO: [ template_filter ] --END-- [ RunTime:0.000112s ]
NOTIC: [8] Undefined variable: Os E:\xampp\htdocs\blog\blog_senior\Application\Runtime\Cache\Admin\86174e1f3cc77f335ad91dcb745bd53f.php 第 148 行.
INFO: Run Behavior\ParseTemplateBehavior [ RunTime:0.012607s ]
INFO: [ view_parse ] --END-- [ RunTime:0.012648s ]
INFO: [ view_filter ] --START--
INFO: Run Behavior\WriteHtmlCacheBehavior [ RunTime:0.000402s ]
INFO: [ view_filter ] --END-- [ RunTime:0.000432s ]
INFO: [ app_end ] --START--
INFO: Run Behavior\ShowPageTraceBehavior [ RunTime:0.000551s ]
INFO: [ app_end ] --END-- [ RunTime:0.000588s ]

[ 2017-08-04T10:53:52+08:00 ] 127.0.0.1 /Admin/System/setting/id/24.html
INFO: [ app_init ] --START--
INFO: Run Behavior\BuildLiteBehavior [ RunTime:0.000009s ]
INFO: [ app_init ] --END-- [ RunTime:0.000475s ]
INFO: [ app_begin ] --START--
INFO: Run Behavior\ReadHtmlCacheBehavior [ RunTime:0.000440s ]
INFO: [ app_begin ] --END-- [ RunTime:0.000475s ]
NOTIC: [8] Undefined index: menu_list E:\xampp\htdocs\blog\blog_senior\Application\Admin\Controller\BaseController.class.php 第 65 行.
NOTIC: [2] Invalid argument supplied for foreach() E:\xampp\htdocs\blog\blog_senior\Application\Admin\Controller\BaseController.class.php 第 65 行.
SQL: SHOW COLUMNS FROM `lxb_treenode` [ RunTime:0.0019s ]
SQL: SELECT * FROM `lxb_treenode` WHERE `menuflag` = 1  [ RunTime:0.0004s ]
SQL: SHOW COLUMNS FROM `lxb_access` [ RunTime:0.0542s ]
SQL: SHOW COLUMNS FROM `lxb_treenode` [ RunTime:0.0019s ]
SQL: SELECT `node_id` FROM `lxb_access` WHERE ( role_id = 24 )  [ RunTime:0.0003s ]
SQL: SELECT `id`,`title`,`pid`,`menuflag` FROM `lxb_treenode`  [ RunTime:0.0004s ]
NOTIC: [8] Undefined variable: ids E:\xampp\htdocs\blog\blog_senior\Application\Admin\Controller\SystemController.class.php 第 77 行.
INFO: [ view_parse ] --START--
INFO: [ template_filter ] --START--
INFO: Run Behavior\ContentReplaceBehavior [ RunTime:0.000087s ]
INFO: [ template_filter ] --END-- [ RunTime:0.000148s ]
NOTIC: [8] Undefined variable: Os E:\xampp\htdocs\blog\blog_senior\Application\Runtime\Cache\Admin\c565d546dfb6925ce47493ac9ddd18e5.php 第 150 行.
INFO: Run Behavior\ParseTemplateBehavior [ RunTime:0.052827s ]
INFO: [ view_parse ] --END-- [ RunTime:0.052866s ]
INFO: [ view_filter ] --START--
INFO: Run Behavior\WriteHtmlCacheBehavior [ RunTime:0.000439s ]
INFO: [ view_filter ] --END-- [ RunTime:0.000467s ]
INFO: [ app_end ] --START--
INFO: Run Behavior\ShowPageTraceBehavior [ RunTime:0.000595s ]
INFO: [ app_end ] --END-- [ RunTime:0.000630s ]

[ 2017-08-04T10:53:57+08:00 ] 127.0.0.1 /Admin/System/editrole/id/24.html
INFO: [ app_init ] --START--
INFO: Run Behavior\BuildLiteBehavior [ RunTime:0.000010s ]
INFO: [ app_init ] --END-- [ RunTime:0.000375s ]
INFO: [ app_begin ] --START--
INFO: Run Behavior\ReadHtmlCacheBehavior [ RunTime:0.000426s ]
INFO: [ app_begin ] --END-- [ RunTime:0.000462s ]
NOTIC: [8] Undefined index: menu_list E:\xampp\htdocs\blog\blog_senior\Application\Admin\Controller\BaseController.class.php 第 65 行.
NOTIC: [2] Invalid argument supplied for foreach() E:\xampp\htdocs\blog\blog_senior\Application\Admin\Controller\BaseController.class.php 第 65 行.
SQL: SHOW COLUMNS FROM `lxb_treenode` [ RunTime:0.0021s ]
SQL: SELECT * FROM `lxb_treenode` WHERE `menuflag` = 1  [ RunTime:0.0004s ]
SQL: SHOW COLUMNS FROM `lxb_role` [ RunTime:0.0017s ]
SQL: SELECT * FROM `lxb_role` WHERE `id` = 24 LIMIT 1   [ RunTime:0.0002s ]
INFO: [ view_parse ] --START--
INFO: [ template_filter ] --START--
INFO: Run Behavior\ContentReplaceBehavior [ RunTime:0.000072s ]
INFO: [ template_filter ] --END-- [ RunTime:0.000110s ]
NOTIC: [8] Undefined variable: Os E:\xampp\htdocs\blog\blog_senior\Application\Runtime\Cache\Admin\92e5b9e7f1de16753cbe9097fb770e21.php 第 147 行.
INFO: Run Behavior\ParseTemplateBehavior [ RunTime:0.021226s ]
INFO: [ view_parse ] --END-- [ RunTime:0.021274s ]
INFO: [ view_filter ] --START--
INFO: Run Behavior\WriteHtmlCacheBehavior [ RunTime:0.000429s ]
INFO: [ view_filter ] --END-- [ RunTime:0.000458s ]
INFO: [ app_end ] --START--
INFO: Run Behavior\ShowPageTraceBehavior [ RunTime:0.000668s ]
INFO: [ app_end ] --END-- [ RunTime:0.000752s ]

[ 2017-08-04T10:54:14+08:00 ] 127.0.0.1 /Admin/login/index.html
INFO: [ app_init ] --START--
INFO: Run Behavior\BuildLiteBehavior [ RunTime:0.000012s ]
INFO: [ app_init ] --END-- [ RunTime:0.000367s ]
INFO: [ app_begin ] --START--
INFO: Run Behavior\ReadHtmlCacheBehavior [ RunTime:0.000419s ]
INFO: [ app_begin ] --END-- [ RunTime:0.000460s ]
INFO: [ view_parse ] --START--
INFO: [ template_filter ] --START--
INFO: Run Behavior\ContentReplaceBehavior [ RunTime:0.000045s ]
INFO: [ template_filter ] --END-- [ RunTime:0.000082s ]
INFO: Run Behavior\ParseTemplateBehavior [ RunTime:0.004540s ]
INFO: [ view_parse ] --END-- [ RunTime:0.004589s ]
INFO: [ view_filter ] --START--
INFO: Run Behavior\WriteHtmlCacheBehavior [ RunTime:0.000377s ]
INFO: [ view_filter ] --END-- [ RunTime:0.000404s ]
INFO: [ app_end ] --START--
INFO: Run Behavior\ShowPageTraceBehavior [ RunTime:0.000538s ]
INFO: [ app_end ] --END-- [ RunTime:0.000568s ]

